2026-01-23 13:20:23,852 kabirs-macbook-pro-2 /Users/kabir/.sdkman/candidates/java/current/bin/java[77369] WARN  [io.qua.config] (Quarkus Main Thread) The "quarkus.log.file.enable" config property is deprecated and should not be used anymore.
2026-01-23 13:20:24,000 kabirs-macbook-pro-2 /Users/kabir/.sdkman/candidates/java/current/bin/java[77369] INFO  [io.a2a.ser.con.DefaultValuesConfigProvider] (Quarkus Main Thread) Loaded 5 A2A default configuration values from 1 resource(s)
2026-01-23 13:20:24,002 kabirs-macbook-pro-2 /Users/kabir/.sdkman/candidates/java/current/bin/java[77369] INFO  [io.a2a.ser.uti.asy.AsyncExecutorProducer] (Quarkus Main Thread) Initializing async executor: corePoolSize=5, maxPoolSize=50, keepAliveSeconds=60
2026-01-23 13:20:24,124 kabirs-macbook-pro-2 /Users/kabir/.sdkman/candidates/java/current/bin/java[77369] INFO  [io.qua.grp.run.GrpcServerRecorder] (Quarkus Main Thread) Starting new Quarkus gRPC server (using Vert.x transport)...
2026-01-23 13:20:24,258 kabirs-macbook-pro-2 /Users/kabir/.sdkman/candidates/java/current/bin/java[77369] INFO  [io.quarkus] (Quarkus Main Thread) a2a-tck-server 1.0.0.Alpha2-SNAPSHOT on JVM (powered by Quarkus 3.30.6) started in 3.008s. Listening on: http://localhost:9999
2026-01-23 13:20:24,260 kabirs-macbook-pro-2 /Users/kabir/.sdkman/candidates/java/current/bin/java[77369] INFO  [io.quarkus] (Quarkus Main Thread) Profile dev activated. Live Coding activated.
2026-01-23 13:20:24,260 kabirs-macbook-pro-2 /Users/kabir/.sdkman/candidates/java/current/bin/java[77369] INFO  [io.quarkus] (Quarkus Main Thread) Installed features: [cdi, grpc-client, grpc-server, reactive-routes, rest, rest-jackson, smallrye-context-propagation, vertx]
2026-01-23 13:20:25,496 kabirs-macbook-pro-2 /Users/kabir/.sdkman/candidates/java/current/bin/java[77369] DEBUG [io.a2a.ser.req.DefaultRequestHandler] (vert.x-worker-thread-1) onMessageSendStream START - task: null; context: null; runningAgents: 0; backgroundTasks: 0
2026-01-23 13:20:25,497 kabirs-macbook-pro-2 /Users/kabir/.sdkman/candidates/java/current/bin/java[77369] DEBUG [io.a2a.ser.eve.InMemoryQueueManager] (vert.x-worker-thread-1) createOrTap called for task 8e618ff9-11d7-4434-99ae-cfb7eb19264b, current map size: 0
2026-01-23 13:20:25,499 kabirs-macbook-pro-2 /Users/kabir/.sdkman/candidates/java/current/bin/java[77369] DEBUG [io.a2a.ser.eve.EventQueue] (vert.x-worker-thread-1) Created MainQueue for task 8e618ff9-11d7-4434-99ae-cfb7eb19264b with 1 onClose callbacks and TaskStateProvider: true
2026-01-23 13:20:25,500 kabirs-macbook-pro-2 /Users/kabir/.sdkman/candidates/java/current/bin/java[77369] DEBUG [io.a2a.ser.eve.InMemoryQueueManager] (vert.x-worker-thread-1) Created new MainQueue 1795784187 for task 8e618ff9-11d7-4434-99ae-cfb7eb19264b, returning ChildQueue 1575838821 (map size: 1)
2026-01-23 13:20:25,500 kabirs-macbook-pro-2 /Users/kabir/.sdkman/candidates/java/current/bin/java[77369] DEBUG [io.a2a.ser.req.DefaultRequestHandler] (vert.x-worker-thread-1) Created/tapped queue for task 8e618ff9-11d7-4434-99ae-cfb7eb19264b: io.a2a.server.events.EventQueue$ChildQueue@5ded6465
2026-01-23 13:20:25,500 kabirs-macbook-pro-2 /Users/kabir/.sdkman/candidates/java/current/bin/java[77369] DEBUG [io.a2a.ser.req.DefaultRequestHandler] (vert.x-worker-thread-1) Registering agent execution for task 8e618ff9-11d7-4434-99ae-cfb7eb19264b, runningAgents.size() before: 0
2026-01-23 13:20:25,500 kabirs-macbook-pro-2 /Users/kabir/.sdkman/candidates/java/current/bin/java[77369] DEBUG [io.a2a.ser.req.DefaultRequestHandler] (vert.x-worker-thread-1) === THREAD STATS: AGENT START ===
2026-01-23 13:20:25,500 kabirs-macbook-pro-2 /Users/kabir/.sdkman/candidates/java/current/bin/java[77369] DEBUG [io.a2a.ser.req.DefaultRequestHandler] (vert.x-worker-thread-1) Active threads: 28
2026-01-23 13:20:25,501 kabirs-macbook-pro-2 /Users/kabir/.sdkman/candidates/java/current/bin/java[77369] DEBUG [io.a2a.ser.req.DefaultRequestHandler] (vert.x-worker-thread-1) Running agents: 0
2026-01-23 13:20:25,502 kabirs-macbook-pro-2 /Users/kabir/.sdkman/candidates/java/current/bin/java[77369] DEBUG [io.a2a.ser.req.DefaultRequestHandler] (vert.x-worker-thread-1) Background tasks: 0
2026-01-23 13:20:25,502 kabirs-macbook-pro-2 /Users/kabir/.sdkman/candidates/java/current/bin/java[77369] DEBUG [io.a2a.ser.req.DefaultRequestHandler] (vert.x-worker-thread-1) Queue manager active queues: InMemoryQueueManager_ClientProxy
2026-01-23 13:20:25,502 kabirs-macbook-pro-2 /Users/kabir/.sdkman/candidates/java/current/bin/java[77369] DEBUG [io.a2a.ser.req.DefaultRequestHandler] (vert.x-worker-thread-1) === END THREAD STATS ===
2026-01-23 13:20:25,503 kabirs-macbook-pro-2 /Users/kabir/.sdkman/candidates/java/current/bin/java[77369] DEBUG [io.a2a.ser.req.DefaultRequestHandler] (a2a-agent-executor-1) Agent execution starting for task 8e618ff9-11d7-4434-99ae-cfb7eb19264b
2026-01-23 13:20:25,503 kabirs-macbook-pro-2 /Users/kabir/.sdkman/candidates/java/current/bin/java[77369] DEBUG [io.a2a.ser.req.DefaultRequestHandler] (vert.x-worker-thread-1) Registered agent for task 8e618ff9-11d7-4434-99ae-cfb7eb19264b, runningAgents.size() after: 1
2026-01-23 13:20:25,504 kabirs-macbook-pro-2 /Users/kabir/.sdkman/candidates/java/current/bin/java[77369] DEBUG [io.a2a.ser.eve.EventConsumer] (vert.x-worker-thread-1) EventConsumer created with queue 1575838821
2026-01-23 13:20:25,507 kabirs-macbook-pro-2 /Users/kabir/.sdkman/candidates/java/current/bin/java[77369] DEBUG [io.a2a.ser.req.DefaultRequestHandler] (vert.x-worker-thread-1) onMessageSendStream FINALLY - task: 8e618ff9-11d7-4434-99ae-cfb7eb19264b; runningAgents: 1; backgroundTasks: 0
2026-01-23 13:20:25,508 kabirs-macbook-pro-2 /Users/kabir/.sdkman/candidates/java/current/bin/java[77369] DEBUG [io.a2a.ser.req.DefaultRequestHandler] (vert.x-worker-thread-1) Removed agent for task 8e618ff9-11d7-4434-99ae-cfb7eb19264b from runningAgents in finally block, size after: 0
2026-01-23 13:20:25,508 kabirs-macbook-pro-2 /Users/kabir/.sdkman/candidates/java/current/bin/java[77369] DEBUG [io.a2a.ser.req.DefaultRequestHandler] (vert.x-worker-thread-1) Starting cleanup for task 8e618ff9-11d7-4434-99ae-cfb7eb19264b (streaming=true)
2026-01-23 13:20:25,508 kabirs-macbook-pro-2 /Users/kabir/.sdkman/candidates/java/current/bin/java[77369] DEBUG [io.a2a.ser.req.DefaultRequestHandler] (vert.x-worker-thread-1) === THREAD STATS: CLEANUP START ===
2026-01-23 13:20:25,508 kabirs-macbook-pro-2 /Users/kabir/.sdkman/candidates/java/current/bin/java[77369] DEBUG [io.a2a.ser.req.DefaultRequestHandler] (vert.x-worker-thread-1) Active threads: 29
2026-01-23 13:20:25,508 kabirs-macbook-pro-2 /Users/kabir/.sdkman/candidates/java/current/bin/java[77369] DEBUG [io.a2a.ser.req.DefaultRequestHandler] (vert.x-worker-thread-1) Running agents: 0
2026-01-23 13:20:25,508 kabirs-macbook-pro-2 /Users/kabir/.sdkman/candidates/java/current/bin/java[77369] DEBUG [io.a2a.ser.req.DefaultRequestHandler] (vert.x-worker-thread-1) Background tasks: 0
2026-01-23 13:20:25,508 kabirs-macbook-pro-2 /Users/kabir/.sdkman/candidates/java/current/bin/java[77369] DEBUG [io.a2a.ser.req.DefaultRequestHandler] (vert.x-worker-thread-1) Queue manager active queues: InMemoryQueueManager_ClientProxy
2026-01-23 13:20:25,508 kabirs-macbook-pro-2 /Users/kabir/.sdkman/candidates/java/current/bin/java[77369] DEBUG [io.a2a.ser.req.DefaultRequestHandler] (vert.x-worker-thread-1) === END THREAD STATS ===
2026-01-23 13:20:25,509 kabirs-macbook-pro-2 /Users/kabir/.sdkman/candidates/java/current/bin/java[77369] DEBUG [io.a2a.ser.req.DefaultRequestHandler] (vert.x-worker-thread-1) Tracking background task (total: 1): java.util.concurrent.CompletableFuture@51d79fdc[Not completed]
2026-01-23 13:20:25,512 kabirs-macbook-pro-2 /Users/kabir/.sdkman/candidates/java/current/bin/java[77369] INFO  [io.a2a.ser.res.qua.A2AServerRoutes$MultiSseSupport] (a2a-agent-executor-2) MAIN: subscribeObject() called
2026-01-23 13:20:25,512 kabirs-macbook-pro-2 /Users/kabir/.sdkman/candidates/java/current/bin/java[77369] DEBUG [io.a2a.ser.eve.EventQueue] (a2a-agent-executor-1) Enqueued event Task[id=8e618ff9-11d7-4434-99ae-cfb7eb19264b, contextId=b9b1efc3-51ae-43b3-9634-133c396ed31b, status=TaskStatus[state=SUBMITTED, message=null, timestamp=2026-01-23T13:20:25.504012Z], artifacts=[], history=[Message[role=USER, parts=[TextPart[text=Stream test message]], messageId=stream-message-id-d68a9e3c-e8d6-4ee1-9231-c935c3e58e0c, contextId=b9b1efc3-51ae-43b3-9634-133c396ed31b, taskId=8e618ff9-11d7-4434-99ae-cfb7eb19264b, referenceTaskIds=null, metadata=null, extensions=null]], metadata=null] io.a2a.server.events.EventQueue$MainQueue@6b097dfb
2026-01-23 13:20:25,513 kabirs-macbook-pro-2 /Users/kabir/.sdkman/candidates/java/current/bin/java[77369] DEBUG [io.a2a.ser.eve.EventQueue] (a2a-agent-executor-1) Enqueued event Task[id=8e618ff9-11d7-4434-99ae-cfb7eb19264b, contextId=b9b1efc3-51ae-43b3-9634-133c396ed31b, status=TaskStatus[state=SUBMITTED, message=null, timestamp=2026-01-23T13:20:25.504012Z], artifacts=[], history=[Message[role=USER, parts=[TextPart[text=Stream test message]], messageId=stream-message-id-d68a9e3c-e8d6-4ee1-9231-c935c3e58e0c, contextId=b9b1efc3-51ae-43b3-9634-133c396ed31b, taskId=8e618ff9-11d7-4434-99ae-cfb7eb19264b, referenceTaskIds=null, metadata=null, extensions=null]], metadata=null] io.a2a.server.events.EventQueue$ChildQueue@5ded6465
2026-01-23 13:20:25,513 kabirs-macbook-pro-2 /Users/kabir/.sdkman/candidates/java/current/bin/java[77369] INFO  [io.a2a.ser.res.qua.A2AServerRoutes$MultiSseSupport] (a2a-agent-executor-2) MAIN: write() called
2026-01-23 13:20:25,515 kabirs-macbook-pro-2 /Users/kabir/.sdkman/candidates/java/current/bin/java[77369] INFO  [io.a2a.ser.res.qua.A2AServerRoutes$MultiSseSupport] (a2a-agent-executor-2) MAIN: onSubscribe() called
2026-01-23 13:20:25,517 kabirs-macbook-pro-2 /Users/kabir/.sdkman/candidates/java/current/bin/java[77369] DEBUG [io.a2a.ser.eve.EventQueue] (a2a-agent-executor-1) Enqueued event TaskStatusUpdateEvent[taskId=8e618ff9-11d7-4434-99ae-cfb7eb19264b, status=TaskStatus[state=WORKING, message=null, timestamp=2026-01-23T13:20:25.514666Z], contextId=b9b1efc3-51ae-43b3-9634-133c396ed31b, isFinal=false, metadata=null] io.a2a.server.events.EventQueue$MainQueue@6b097dfb
2026-01-23 13:20:25,517 kabirs-macbook-pro-2 /Users/kabir/.sdkman/candidates/java/current/bin/java[77369] DEBUG [io.a2a.ser.eve.EventQueue] (a2a-agent-executor-1) Enqueued event TaskStatusUpdateEvent[taskId=8e618ff9-11d7-4434-99ae-cfb7eb19264b, status=TaskStatus[state=WORKING, message=null, timestamp=2026-01-23T13:20:25.514666Z], contextId=b9b1efc3-51ae-43b3-9634-133c396ed31b, isFinal=false, metadata=null] io.a2a.server.events.EventQueue$ChildQueue@5ded6465
2026-01-23 13:20:25,517 kabirs-macbook-pro-2 /Users/kabir/.sdkman/candidates/java/current/bin/java[77369] INFO  [io.a2a.ser.res.qua.A2AServerRoutes$MultiSseSupport] (a2a-agent-executor-2) MAIN: onSubscribe() - requested first buffer
2026-01-23 13:20:25,517 kabirs-macbook-pro-2 /Users/kabir/.sdkman/candidates/java/current/bin/java[77369] DEBUG [io.a2a.ser.req.DefaultRequestHandler] (a2a-agent-executor-1) Agent execution completed for task 8e618ff9-11d7-4434-99ae-cfb7eb19264b
2026-01-23 13:20:25,517 kabirs-macbook-pro-2 /Users/kabir/.sdkman/candidates/java/current/bin/java[77369] DEBUG [io.a2a.ser.req.DefaultRequestHandler] (a2a-agent-executor-1) === THREAD STATS: AGENT COMPLETE END ===
2026-01-23 13:20:25,517 kabirs-macbook-pro-2 /Users/kabir/.sdkman/candidates/java/current/bin/java[77369] DEBUG [io.a2a.ser.req.DefaultRequestHandler] (a2a-agent-executor-1) Active threads: 31
2026-01-23 13:20:25,517 kabirs-macbook-pro-2 /Users/kabir/.sdkman/candidates/java/current/bin/java[77369] DEBUG [io.a2a.ser.req.DefaultRequestHandler] (a2a-agent-executor-1) Running agents: 0
2026-01-23 13:20:25,518 kabirs-macbook-pro-2 /Users/kabir/.sdkman/candidates/java/current/bin/java[77369] DEBUG [io.a2a.ser.req.DefaultRequestHandler] (a2a-agent-executor-3) Creating subscription wrapper for task 8e618ff9-11d7-4434-99ae-cfb7eb19264b
2026-01-23 13:20:25,518 kabirs-macbook-pro-2 /Users/kabir/.sdkman/candidates/java/current/bin/java[77369] DEBUG [io.a2a.ser.req.DefaultRequestHandler] (a2a-agent-executor-1) Background tasks: 1
2026-01-23 13:20:25,518 kabirs-macbook-pro-2 /Users/kabir/.sdkman/candidates/java/current/bin/java[77369] DEBUG [io.a2a.ser.req.DefaultRequestHandler] (a2a-agent-executor-1) Queue manager active queues: InMemoryQueueManager_ClientProxy
2026-01-23 13:20:25,518 kabirs-macbook-pro-2 /Users/kabir/.sdkman/candidates/java/current/bin/java[77369] DEBUG [io.a2a.ser.req.DefaultRequestHandler] (a2a-agent-executor-1) Background tasks:
2026-01-23 13:20:25,518 kabirs-macbook-pro-2 /Users/kabir/.sdkman/candidates/java/current/bin/java[77369] DEBUG [io.a2a.ser.req.DefaultRequestHandler] (a2a-agent-executor-1)   - java.util.concurrent.CompletableFuture@51d79fdc[Not completed, 1 dependents]: RUNNING
2026-01-23 13:20:25,518 kabirs-macbook-pro-2 /Users/kabir/.sdkman/candidates/java/current/bin/java[77369] DEBUG [io.a2a.ser.req.DefaultRequestHandler] (a2a-agent-executor-1) === END THREAD STATS ===
2026-01-23 13:20:25,519 kabirs-macbook-pro-2 /Users/kabir/.sdkman/candidates/java/current/bin/java[77369] DEBUG [io.a2a.ser.req.DefaultRequestHandler] (a2a-agent-executor-1) Agent and consumption both completed successfully for task 8e618ff9-11d7-4434-99ae-cfb7eb19264b
2026-01-23 13:20:25,519 kabirs-macbook-pro-2 /Users/kabir/.sdkman/candidates/java/current/bin/java[77369] DEBUG [io.a2a.ser.req.DefaultRequestHandler] (a2a-agent-executor-1) Streaming call, closing ChildQueue for task 8e618ff9-11d7-4434-99ae-cfb7eb19264b (immediate=false, notifyParent=true)
2026-01-23 13:20:25,519 kabirs-macbook-pro-2 /Users/kabir/.sdkman/candidates/java/current/bin/java[77369] DEBUG [io.a2a.ser.eve.EventQueue] (a2a-agent-executor-1) Closing io.a2a.server.events.EventQueue$ChildQueue@5ded6465 (immediate=false)
2026-01-23 13:20:25,519 kabirs-macbook-pro-2 /Users/kabir/.sdkman/candidates/java/current/bin/java[77369] DEBUG [io.a2a.ser.req.DefaultRequestHandler] (a2a-agent-executor-3) onSubscribe called for task 8e618ff9-11d7-4434-99ae-cfb7eb19264b
2026-01-23 13:20:25,520 kabirs-macbook-pro-2 /Users/kabir/.sdkman/candidates/java/current/bin/java[77369] DEBUG [io.a2a.ser.eve.EventQueue] (a2a-agent-executor-1) MainQueue for task 8e618ff9-11d7-4434-99ae-cfb7eb19264b has no children, but task is not finalized - keeping queue open for potential resubscriptions
2026-01-23 13:20:25,520 kabirs-macbook-pro-2 /Users/kabir/.sdkman/candidates/java/current/bin/java[77369] DEBUG [io.a2a.ser.req.DefaultRequestHandler] (a2a-agent-executor-1) Queue cleanup completed for task 8e618ff9-11d7-4434-99ae-cfb7eb19264b
2026-01-23 13:20:25,520 kabirs-macbook-pro-2 /Users/kabir/.sdkman/candidates/java/current/bin/java[77369] DEBUG [io.a2a.ser.req.DefaultRequestHandler] (a2a-agent-executor-1) === THREAD STATS: CLEANUP END ===
2026-01-23 13:20:25,520 kabirs-macbook-pro-2 /Users/kabir/.sdkman/candidates/java/current/bin/java[77369] DEBUG [io.a2a.ser.req.DefaultRequestHandler] (a2a-agent-executor-1) Active threads: 31
2026-01-23 13:20:25,520 kabirs-macbook-pro-2 /Users/kabir/.sdkman/candidates/java/current/bin/java[77369] INFO  [io.a2a.tra.res.han.RestHandler] (a2a-agent-executor-3) MAIN RestHandler: onSubscribe called
2026-01-23 13:20:25,520 kabirs-macbook-pro-2 /Users/kabir/.sdkman/candidates/java/current/bin/java[77369] DEBUG [io.a2a.ser.req.DefaultRequestHandler] (a2a-agent-executor-1) Running agents: 0
2026-01-23 13:20:25,520 kabirs-macbook-pro-2 /Users/kabir/.sdkman/candidates/java/current/bin/java[77369] DEBUG [io.a2a.ser.req.DefaultRequestHandler] (a2a-agent-executor-3) Subscription.request(1) for task 8e618ff9-11d7-4434-99ae-cfb7eb19264b
2026-01-23 13:20:25,520 kabirs-macbook-pro-2 /Users/kabir/.sdkman/candidates/java/current/bin/java[77369] DEBUG [io.a2a.ser.req.DefaultRequestHandler] (a2a-agent-executor-1) Background tasks: 1
2026-01-23 13:20:25,520 kabirs-macbook-pro-2 /Users/kabir/.sdkman/candidates/java/current/bin/java[77369] DEBUG [io.a2a.ser.req.DefaultRequestHandler] (a2a-agent-executor-1) Queue manager active queues: InMemoryQueueManager_ClientProxy
2026-01-23 13:20:25,520 kabirs-macbook-pro-2 /Users/kabir/.sdkman/candidates/java/current/bin/java[77369] DEBUG [io.a2a.ser.req.DefaultRequestHandler] (a2a-agent-executor-1) Background tasks:
2026-01-23 13:20:25,520 kabirs-macbook-pro-2 /Users/kabir/.sdkman/candidates/java/current/bin/java[77369] INFO  [io.a2a.tra.res.han.RestHandler] (a2a-agent-executor-3) MAIN RestHandler: requested first event
2026-01-23 13:20:25,520 kabirs-macbook-pro-2 /Users/kabir/.sdkman/candidates/java/current/bin/java[77369] DEBUG [io.a2a.ser.req.DefaultRequestHandler] (a2a-agent-executor-1)   - java.util.concurrent.CompletableFuture@51d79fdc[Not completed, 1 dependents]: RUNNING
2026-01-23 13:20:25,521 kabirs-macbook-pro-2 /Users/kabir/.sdkman/candidates/java/current/bin/java[77369] DEBUG [io.a2a.ser.req.DefaultRequestHandler] (a2a-agent-executor-1) === END THREAD STATS ===
2026-01-23 13:20:25,521 kabirs-macbook-pro-2 /Users/kabir/.sdkman/candidates/java/current/bin/java[77369] DEBUG [io.a2a.ser.req.DefaultRequestHandler] (a2a-agent-executor-1) Removed background task (remaining: 0): java.util.concurrent.CompletableFuture@51d79fdc[Completed normally]
2026-01-23 13:20:25,522 kabirs-macbook-pro-2 /Users/kabir/.sdkman/candidates/java/current/bin/java[77369] DEBUG [io.a2a.ser.eve.EventQueue] (a2a-agent-executor-3) Dequeued event item (waiting) io.a2a.server.events.EventQueue$ChildQueue@5ded6465 Task[id=8e618ff9-11d7-4434-99ae-cfb7eb19264b, contextId=b9b1efc3-51ae-43b3-9634-133c396ed31b, status=TaskStatus[state=SUBMITTED, message=null, timestamp=2026-01-23T13:20:25.504012Z], artifacts=[], history=[Message[role=USER, parts=[TextPart[text=Stream test message]], messageId=stream-message-id-d68a9e3c-e8d6-4ee1-9231-c935c3e58e0c, contextId=b9b1efc3-51ae-43b3-9634-133c396ed31b, taskId=8e618ff9-11d7-4434-99ae-cfb7eb19264b, referenceTaskIds=null, metadata=null, extensions=null]], metadata=null]
2026-01-23 13:20:25,523 kabirs-macbook-pro-2 /Users/kabir/.sdkman/candidates/java/current/bin/java[77369] DEBUG [io.a2a.ser.eve.EventQueue] (a2a-agent-executor-3) Signalling that queue polling started io.a2a.server.events.EventQueue$MainQueue@6b097dfb
2026-01-23 13:20:25,633 kabirs-macbook-pro-2 /Users/kabir/.sdkman/candidates/java/current/bin/java[77369] DEBUG [io.a2a.ser.req.DefaultRequestHandler] (a2a-agent-executor-3) onNext: Task for task 8e618ff9-11d7-4434-99ae-cfb7eb19264b
2026-01-23 13:20:25,634 kabirs-macbook-pro-2 /Users/kabir/.sdkman/candidates/java/current/bin/java[77369] INFO  [io.a2a.tra.res.han.RestHandler] (a2a-agent-executor-3) MAIN RestHandler: onNext called with: Task
2026-01-23 13:20:25,655 kabirs-macbook-pro-2 /Users/kabir/.sdkman/candidates/java/current/bin/java[77369] INFO  [io.a2a.tra.res.han.RestHandler] (a2a-agent-executor-3) MAIN RestHandler: Sending to tube: {"task":{"id":"8e618ff9-11d7-4434-99ae-cfb7eb19264b","contextId":"b9b1efc3-51ae-43b3-9634-133c396ed3
2026-01-23 13:20:25,656 kabirs-macbook-pro-2 /Users/kabir/.sdkman/candidates/java/current/bin/java[77369] INFO  [io.a2a.ser.res.qua.A2AServerRoutes$MultiSseSupport] (a2a-agent-executor-3) MAIN: map.apply() called with: String
2026-01-23 13:20:25,657 kabirs-macbook-pro-2 /Users/kabir/.sdkman/candidates/java/current/bin/java[77369] INFO  [io.a2a.ser.res.qua.A2AServerRoutes$MultiSseSupport] (a2a-agent-executor-3) MAIN: Created SSE buffer (473bytes): data: {"task":{"id":"8e618ff9-11d7-4434-99ae-cfb7eb19264b","contextId":"b9b1efc3-51ae-43b3-9634-133c
2026-01-23 13:20:25,658 kabirs-macbook-pro-2 /Users/kabir/.sdkman/candidates/java/current/bin/java[77369] INFO  [io.a2a.ser.res.qua.A2AServerRoutes$MultiSseSupport] (a2a-agent-executor-3) MAIN: onNext() called - buffer size: 473 bytes
2026-01-23 13:20:25,659 kabirs-macbook-pro-2 /Users/kabir/.sdkman/candidates/java/current/bin/java[77369] INFO  [io.a2a.ser.res.qua.A2AServerRoutes$MultiSseSupport] (a2a-agent-executor-3) MAIN: initialize() called - bytesWritten: 0
2026-01-23 13:20:25,659 kabirs-macbook-pro-2 /Users/kabir/.sdkman/candidates/java/current/bin/java[77369] INFO  [io.a2a.ser.res.qua.A2AServerRoutes$MultiSseSupport] (a2a-agent-executor-3) MAIN: Setting headers and chunked mode
2026-01-23 13:20:25,659 kabirs-macbook-pro-2 /Users/kabir/.sdkman/candidates/java/current/bin/java[77369] INFO  [io.a2a.ser.res.qua.A2AServerRoutes$MultiSseSupport] (a2a-agent-executor-3) MAIN: Headers set, chunked: true
2026-01-23 13:20:25,659 kabirs-macbook-pro-2 /Users/kabir/.sdkman/candidates/java/current/bin/java[77369] INFO  [io.a2a.ser.res.qua.A2AServerRoutes$MultiSseSupport] (a2a-agent-executor-3) MAIN: onNext() - calling response.write()
2026-01-23 13:20:25,661 kabirs-macbook-pro-2 /Users/kabir/.sdkman/candidates/java/current/bin/java[77369] DEBUG [io.a2a.ser.req.DefaultRequestHandler] (a2a-agent-executor-3) Subscription.request(1) for task 8e618ff9-11d7-4434-99ae-cfb7eb19264b
2026-01-23 13:20:25,661 kabirs-macbook-pro-2 /Users/kabir/.sdkman/candidates/java/current/bin/java[77369] INFO  [io.a2a.tra.res.han.RestHandler] (a2a-agent-executor-3) MAIN RestHandler: Requested next event after tube.send
2026-01-23 13:20:25,662 kabirs-macbook-pro-2 /Users/kabir/.sdkman/candidates/java/current/bin/java[77369] DEBUG [io.a2a.ser.eve.EventQueue] (a2a-agent-executor-3) Dequeued event item (waiting) io.a2a.server.events.EventQueue$ChildQueue@5ded6465 TaskStatusUpdateEvent[taskId=8e618ff9-11d7-4434-99ae-cfb7eb19264b, status=TaskStatus[state=WORKING, message=null, timestamp=2026-01-23T13:20:25.514666Z], contextId=b9b1efc3-51ae-43b3-9634-133c396ed31b, isFinal=false, metadata=null]
2026-01-23 13:20:25,662 kabirs-macbook-pro-2 /Users/kabir/.sdkman/candidates/java/current/bin/java[77369] DEBUG [io.a2a.ser.req.DefaultRequestHandler] (a2a-agent-executor-3) onNext: TaskStatusUpdateEvent for task 8e618ff9-11d7-4434-99ae-cfb7eb19264b
2026-01-23 13:20:25,662 kabirs-macbook-pro-2 /Users/kabir/.sdkman/candidates/java/current/bin/java[77369] INFO  [io.a2a.tra.res.han.RestHandler] (a2a-agent-executor-3) MAIN RestHandler: onNext called with: TaskStatusUpdateEvent
2026-01-23 13:20:25,662 kabirs-macbook-pro-2 /Users/kabir/.sdkman/candidates/java/current/bin/java[77369] INFO  [io.a2a.ser.res.qua.A2AServerRoutes$MultiSseSupport] (vert.x-eventloop-thread-0) MAIN: write handler called - success: true
2026-01-23 13:20:25,662 kabirs-macbook-pro-2 /Users/kabir/.sdkman/candidates/java/current/bin/java[77369] INFO  [io.a2a.ser.res.qua.A2AServerRoutes$MultiSseSupport] (vert.x-eventloop-thread-0) MAIN: onWriteDone() - write succeeded, requesting next
2026-01-23 13:20:25,664 kabirs-macbook-pro-2 /Users/kabir/.sdkman/candidates/java/current/bin/java[77369] INFO  [io.a2a.tra.res.han.RestHandler] (a2a-agent-executor-3) MAIN RestHandler: Sending to tube: {"statusUpdate":{"taskId":"8e618ff9-11d7-4434-99ae-cfb7eb19264b","contextId":"b9b1efc3-51ae-43b3-963
2026-01-23 13:20:25,664 kabirs-macbook-pro-2 /Users/kabir/.sdkman/candidates/java/current/bin/java[77369] INFO  [io.a2a.ser.res.qua.A2AServerRoutes$MultiSseSupport] (a2a-agent-executor-3) MAIN: map.apply() called with: String
2026-01-23 13:20:25,665 kabirs-macbook-pro-2 /Users/kabir/.sdkman/candidates/java/current/bin/java[77369] INFO  [io.a2a.ser.res.qua.A2AServerRoutes$MultiSseSupport] (a2a-agent-executor-3) MAIN: Created SSE buffer (227bytes): data: {"statusUpdate":{"taskId":"8e618ff9-11d7-4434-99ae-cfb7eb19264b","contextId":"b9b1efc3-51ae-43
2026-01-23 13:20:25,665 kabirs-macbook-pro-2 /Users/kabir/.sdkman/candidates/java/current/bin/java[77369] INFO  [io.a2a.ser.res.qua.A2AServerRoutes$MultiSseSupport] (a2a-agent-executor-3) MAIN: onNext() called - buffer size: 227 bytes
2026-01-23 13:20:25,665 kabirs-macbook-pro-2 /Users/kabir/.sdkman/candidates/java/current/bin/java[77369] INFO  [io.a2a.ser.res.qua.A2AServerRoutes$MultiSseSupport] (a2a-agent-executor-3) MAIN: initialize() called - bytesWritten: 473
2026-01-23 13:20:25,665 kabirs-macbook-pro-2 /Users/kabir/.sdkman/candidates/java/current/bin/java[77369] WARN  [io.a2a.ser.res.qua.A2AServerRoutes$MultiSseSupport] (a2a-agent-executor-3) MAIN: initialize() SKIPPED - bytesWritten: 473
2026-01-23 13:20:25,666 kabirs-macbook-pro-2 /Users/kabir/.sdkman/candidates/java/current/bin/java[77369] INFO  [io.a2a.ser.res.qua.A2AServerRoutes$MultiSseSupport] (a2a-agent-executor-3) MAIN: onNext() - calling response.write()
2026-01-23 13:20:25,666 kabirs-macbook-pro-2 /Users/kabir/.sdkman/candidates/java/current/bin/java[77369] DEBUG [io.a2a.ser.req.DefaultRequestHandler] (a2a-agent-executor-3) Subscription.request(1) for task 8e618ff9-11d7-4434-99ae-cfb7eb19264b
2026-01-23 13:20:25,666 kabirs-macbook-pro-2 /Users/kabir/.sdkman/candidates/java/current/bin/java[77369] INFO  [io.a2a.tra.res.han.RestHandler] (a2a-agent-executor-3) MAIN RestHandler: Requested next event after tube.send
2026-01-23 13:20:25,667 kabirs-macbook-pro-2 /Users/kabir/.sdkman/candidates/java/current/bin/java[77369] DEBUG [io.a2a.ser.eve.EventQueue] (a2a-agent-executor-3) Queue is closed, and empty. Sending termination message. io.a2a.server.events.EventQueue$ChildQueue@5ded6465
2026-01-23 13:20:25,667 kabirs-macbook-pro-2 /Users/kabir/.sdkman/candidates/java/current/bin/java[77369] INFO  [io.a2a.ser.res.qua.A2AServerRoutes$MultiSseSupport] (vert.x-eventloop-thread-0) MAIN: write handler called - success: true
2026-01-23 13:20:25,667 kabirs-macbook-pro-2 /Users/kabir/.sdkman/candidates/java/current/bin/java[77369] DEBUG [io.a2a.ser.req.DefaultRequestHandler] (a2a-agent-executor-3) onComplete for task 8e618ff9-11d7-4434-99ae-cfb7eb19264b
2026-01-23 13:20:25,667 kabirs-macbook-pro-2 /Users/kabir/.sdkman/candidates/java/current/bin/java[77369] INFO  [io.a2a.ser.res.qua.A2AServerRoutes$MultiSseSupport] (vert.x-eventloop-thread-0) MAIN: onWriteDone() - write succeeded, requesting next
2026-01-23 13:20:25,669 kabirs-macbook-pro-2 /Users/kabir/.sdkman/candidates/java/current/bin/java[77369] DEBUG [io.a2a.ser.eve.EventConsumer] (a2a-agent-executor-3) EventConsumer finally block: completed=true, skipping tube.complete() for queue 1575838821
